<?xml version="1.0" encoding="UTF-8"?>
<!-- Generated by org.testng.reporters.JUnitReportReporter -->
<testsuite hostname="Willow-PC" failures="0" tests="1" name="SumValidation" time="1.348" errors="0" timestamp="2024-01-30T21:49:19 CET" skipped="0">
  <testcase classname="SumValidation" name="sumOfCourses" time="1.348"/>
</testsuite> <!-- SumValidation -->
