<?xml version="1.0" encoding="UTF-8"?>
<!-- Generated by org.testng.reporters.JUnitReportReporter -->
<testsuite hostname="Willow-PC" failures="0" tests="3" name="files.DynamicJson" time="2.830" errors="0" timestamp="2024-02-21T08:46:31 CET" skipped="0">
  <testcase classname="files.DynamicJson" name="addBook" time="0.362"/>
  <testcase classname="files.DynamicJson" name="addBook" time="2.103"/>
  <testcase classname="files.DynamicJson" name="addBook" time="0.365"/>
</testsuite> <!-- files.DynamicJson -->
